[2026-06-12T08:50:28.565Z] [warning] The provided component class (t)
                has already been declared as an observer component.
[2026-06-12T08:50:32.090Z] [log] 08:50:32.083 [Playback Service: Device Detection:] Library Detection and User Agent Detection Do Not Match
[2026-06-12T08:50:32.091Z] [log] 08:50:32.086 [Playback Service: Device Detection:] Library Detected: undefined, UA Detected: chrome
[2026-06-12T08:50:32.100Z] [debug] Device platform found: chrome
[2026-06-12T08:50:33.828Z] [warning] Timecode State Registration will be deprecated as of our next major, please use timeline as a direct replacement
[2026-06-12T08:50:35.609Z] [log] DOM isReady:  14840
[2026-06-12T08:50:36.088Z] [info] [AccessEnabler.js][info] Version: 4.7.1-5a99613 RELEASE
[2026-06-12T08:50:37.334Z] [warning] [OneID] [%s]:  WARN `DisneyID` global object is soon to be deprecated. Use `OneID` instead.
[2026-06-12T08:50:37.444Z] [info] [AccessEnablerProxy.js][info] Version: 4.7.1-5a99613 RELEASE
[2026-06-12T08:50:39.955Z] [info] [OPTIMIZELY] - INFO 2026-06-12T08:50:39.952Z ProjectConfigManager: Skipping JSON schema validation.
[2026-06-12T08:50:39.957Z] [info] [OPTIMIZELY] - INFO 2026-06-12T08:50:39.955Z Optimizely: Updated Optimizely config to revision 16 (project id 28346550223)
[2026-06-12T08:50:40.255Z] [warning] Error with Feature-Policy header: Unrecognized feature: 'document-domain'.
[2026-06-12T08:50:40.256Z] [warning] Error with Feature-Policy header: Some features are specified in both Feature-Policy and Permissions-Policy header: accelerometer, autoplay, camera, encrypted-media, fullscreen, geolocation, gyroscope, magnetometer, microphone, midi, payment, picture-in-picture, screen-wake-lock, sync-xhr, usb, xr-spatial-tracking. Values defined in Permissions-Policy header will be used.
[2026-06-12T08:50:40.256Z] [warning] Error with Permissions-Policy header: Unrecognized feature: 'document-domain'.
[2026-06-12T08:50:57.152Z] [warning] The provided component class (t)
                has already been declared as an observer component.
[2026-06-12T08:50:59.039Z] [log] 08:50:59.033 [Playback Service: Device Detection:] Library Detection and User Agent Detection Do Not Match
[2026-06-12T08:50:59.039Z] [log] 08:50:59.037 [Playback Service: Device Detection:] Library Detected: undefined, UA Detected: chrome
[2026-06-12T08:50:59.046Z] [debug] Device platform found: chrome
[2026-06-12T08:51:00.916Z] [log] DOM isReady:  5898
[2026-06-12T08:51:01.224Z] [info] [AccessEnabler.js][info] Version: 4.7.1-5a99613 RELEASE
[2026-06-12T08:51:01.369Z] [info] [AccessEnablerProxy.js][info] Version: 4.7.1-5a99613 RELEASE
[2026-06-12T08:51:02.591Z] [warning] [OneID] [%s]:  WARN `DisneyID` global object is soon to be deprecated. Use `OneID` instead.
[2026-06-12T08:51:03.315Z] [warning] [GPT] Slot.setCollapseEmptyDiv is deprecated, use Slot.setConfig({collapseDiv: ...}) instead.
https://goo.gle/gpt-message#171
[2026-06-12T08:51:03.325Z] [warning] [GPT] Invalid arguments: SizeMappingBuilder.addSize([0, 0], [[0, 0]]). All zero-area slot sizes were removed.
https://goo.gle/gpt-message#151
[2026-06-12T08:51:03.329Z] [warning] [GPT] PubAdsService.setTargeting is deprecated, use googletag.setConfig({targeting: ...}) instead.
https://goo.gle/gpt-message#170
[2026-06-12T08:51:03.361Z] [warning] [GPT] GPT must be loaded from the limited ads URL to configure limited ads functionality via the PrivacySettings API.
https://goo.gle/gpt-message#147
[2026-06-12T08:51:05.332Z] [warning] The resource https://cdn.registerdisney.go.com/v4/asset/bundler/ESPN/v4/images/v2/espn-red-logo.svg was preloaded using link preload but not used within a few seconds from the window's load event. Please make sure it has an appropriate `as` value and it is preloaded intentionally.
[2026-06-12T08:51:08.690Z] [error] Failed to load resource: the server responded with a status of 404 ()
[2026-06-12T08:51:16.237Z] [warning] The provided component class (t)
                has already been declared as an observer component.
[2026-06-12T08:51:18.193Z] [log] 08:51:18.188 [Playback Service: Device Detection:] Library Detection and User Agent Detection Do Not Match
[2026-06-12T08:51:18.193Z] [log] 08:51:18.191 [Playback Service: Device Detection:] Library Detected: undefined, UA Detected: chrome
[2026-06-12T08:51:18.203Z] [debug] Device platform found: chrome
[2026-06-12T08:51:19.903Z] [log] DOM isReady:  5519
[2026-06-12T08:51:20.162Z] [info] [AccessEnabler.js][info] Version: 4.7.1-5a99613 RELEASE
[2026-06-12T08:51:20.201Z] [info] [AccessEnablerProxy.js][info] Version: 4.7.1-5a99613 RELEASE
[2026-06-12T08:51:20.970Z] [warning] [OneID] [%s]:  WARN `DisneyID` global object is soon to be deprecated. Use `OneID` instead.
[2026-06-12T08:51:21.623Z] [warning] [GPT] Slot.setCollapseEmptyDiv is deprecated, use Slot.setConfig({collapseDiv: ...}) instead.
https://goo.gle/gpt-message#171
[2026-06-12T08:51:21.634Z] [warning] [GPT] Invalid arguments: SizeMappingBuilder.addSize([0, 0], [[0, 0]]). All zero-area slot sizes were removed.
https://goo.gle/gpt-message#151
[2026-06-12T08:51:21.634Z] [warning] [GPT] PubAdsService.setTargeting is deprecated, use googletag.setConfig({targeting: ...}) instead.
https://goo.gle/gpt-message#170
[2026-06-12T08:51:21.659Z] [warning] [GPT] GPT must be loaded from the limited ads URL to configure limited ads functionality via the PrivacySettings API.
https://goo.gle/gpt-message#147
[2026-06-12T08:51:24.931Z] [warning] The resource https://cdn.registerdisney.go.com/v4/asset/bundler/ESPN/v4/images/v2/espn-red-logo.svg was preloaded using link preload but not used within a few seconds from the window's load event. Please make sure it has an appropriate `as` value and it is preloaded intentionally.
[2026-06-12T08:51:26.077Z] [warning] The resource https://a.espncdn.com/fonts/_BentonSans/BentonSansBlack.woff2 was preloaded using link preload but not used within a few seconds from the window's load event. Please make sure it has an appropriate `as` value and it is preloaded intentionally.
[2026-06-12T08:51:26.077Z] [warning] The resource https://a.espncdn.com/fonts/_BentonSansCond/BentonSansCondBold.woff2 was preloaded using link preload but not used within a few seconds from the window's load event. Please make sure it has an appropriate `as` value and it is preloaded intentionally.
[2026-06-12T08:51:26.077Z] [warning] The resource https://a.espncdn.com/fonts/_BentonSans/BentonSansRegular.woff2 was preloaded using link preload but not used within a few seconds from the window's load event. Please make sure it has an appropriate `as` value and it is preloaded intentionally.
[2026-06-12T08:51:28.300Z] [error] Failed to load resource: the server responded with a status of 404 ()
[2026-06-12T08:51:36.341Z] [warning] [GPT] Slot.setTargeting is deprecated, use Slot.setConfig({targeting: ...}) instead.
https://goo.gle/gpt-message#171
[2026-06-12T08:51:36.343Z] [warning] [GPT] Invalid arguments: SizeMappingBuilder.addSize([0, 0], [[0, 0]]). All zero-area slot sizes were removed.
https://goo.gle/gpt-message#151
[2026-06-12T08:51:36.352Z] [warning] [GPT] PubAdsService.setTargeting is deprecated, use googletag.setConfig({targeting: ...}) instead.
https://goo.gle/gpt-message#170
[2026-06-12T08:51:36.375Z] [warning] [GPT] GPT must be loaded from the limited ads URL to configure limited ads functionality via the PrivacySettings API.
https://goo.gle/gpt-message#147
[2026-06-12T08:51:41.493Z] [error] Framing 'https://www.google.com/' violates the following report-only Content Security Policy directive: "frame-ancestors 'self'". The violation has been logged, but no further action has been taken.

[2026-06-12T08:51:41.493Z] [error] Framing 'https://www.google.com/' violates the following report-only Content Security Policy directive: "frame-ancestors 'self'". The violation has been logged, but no further action has been taken.

[2026-06-12T08:51:42.172Z] [error] [OneID] [%s]:  ERROR Session not established
[2026-06-12T08:51:42.172Z] [error] [OneID] [%s]:  ERROR Session not established
[2026-06-12T08:51:43.071Z] [warning] [OneID] [%s]:  WARN `DisneyID` global object is soon to be deprecated. Use `OneID` instead.
[2026-06-12T08:51:46.502Z] [warning] The resource https://cdn.registerdisney.go.com/v4/asset/bundler/ESPN/v4/images/v2/espn-red-logo.svg was preloaded using link preload but not used within a few seconds from the window's load event. Please make sure it has an appropriate `as` value and it is preloaded intentionally.
[2026-06-12T08:51:48.444Z] [warning] [GPT] Slot.setTargeting is deprecated, use Slot.setConfig({targeting: ...}) instead.
https://goo.gle/gpt-message#171
[2026-06-12T08:51:48.445Z] [warning] [GPT] Invalid arguments: SizeMappingBuilder.addSize([0, 0], [[0, 0]]). All zero-area slot sizes were removed.
https://goo.gle/gpt-message#151
[2026-06-12T08:51:48.451Z] [warning] [GPT] PubAdsService.setTargeting is deprecated, use googletag.setConfig({targeting: ...}) instead.
https://goo.gle/gpt-message#170
[2026-06-12T08:51:48.458Z] [warning] [GPT] GPT must be loaded from the limited ads URL to configure limited ads functionality via the PrivacySettings API.
https://goo.gle/gpt-message#147
[2026-06-12T08:51:48.543Z] [error] TypeError: b.addEventListener is not a function
    at Caa (https://securepubads.g.doubleclick.net/pagead/managed/js/gpt/m202606080101/pubads_impl.js:19:329062)
    at Daa (https://securepubads.g.doubleclick.net/pagead/managed/js/gpt/m202606080101/pubads_impl.js:19:329206)
    at M.id [as f] (https://securepubads.g.doubleclick.net/pagead/managed/js/gpt/m202606080101/pubads_impl.js:19:546366)
    at yW.I (https://securepubads.g.doubleclick.net/pagead/managed/js/gpt/m202606080101/pubads_impl.js:19:336789)
    at BE.j (https://securepubads.g.doubleclick.net/pagead/managed/js/gpt/m202606080101/pubads_impl.js:19:335875)
    at DE (https://securepubads.g.doubleclick.net/pagead/managed/js/gpt/m202606080101/pubads_impl.js:19:204342)
    at FE.next (https://securepubads.g.doubleclick.net/pagead/managed/js/gpt/m202606080101/pubads_impl.js:19:204636)
    at b (https://securepubads.g.doubleclick.net/pagead/managed/js/gpt/m202606080101/pubads_impl.js:19:204888)
[2026-06-12T08:51:52.895Z] [error] [OneID] [%s]:  ERROR Session not established
[2026-06-12T08:51:52.897Z] [error] [OneID] [%s]:  ERROR Session not established
[2026-06-12T08:51:53.113Z] [error] Failed to load resource: the server responded with a status of 404 ()
[2026-06-12T08:52:01.708Z] [error] Failed to load resource: the server responded with a status of 404 ()
[2026-06-12T08:52:08.462Z] [warning] [GPT] Slot.setTargeting is deprecated, use Slot.setConfig({targeting: ...}) instead.
https://goo.gle/gpt-message#171
[2026-06-12T08:52:08.463Z] [warning] [GPT] Invalid arguments: SizeMappingBuilder.addSize([0, 0], [[0, 0]]). All zero-area slot sizes were removed.
https://goo.gle/gpt-message#151
[2026-06-12T08:52:08.472Z] [warning] [GPT] PubAdsService.setTargeting is deprecated, use googletag.setConfig({targeting: ...}) instead.
https://goo.gle/gpt-message#170
[2026-06-12T08:52:08.483Z] [warning] [GPT] GPT must be loaded from the limited ads URL to configure limited ads functionality via the PrivacySettings API.
https://goo.gle/gpt-message#147
[2026-06-12T08:52:08.563Z] [error] TypeError: b.addEventListener is not a function
    at Caa (https://securepubads.g.doubleclick.net/pagead/managed/js/gpt/m202606080101/pubads_impl.js:19:329062)
    at Daa (https://securepubads.g.doubleclick.net/pagead/managed/js/gpt/m202606080101/pubads_impl.js:19:329206)
    at M.id [as f] (https://securepubads.g.doubleclick.net/pagead/managed/js/gpt/m202606080101/pubads_impl.js:19:546366)
    at yW.I (https://securepubads.g.doubleclick.net/pagead/managed/js/gpt/m202606080101/pubads_impl.js:19:336789)
    at BE.j (https://securepubads.g.doubleclick.net/pagead/managed/js/gpt/m202606080101/pubads_impl.js:19:335875)
    at DE (https://securepubads.g.doubleclick.net/pagead/managed/js/gpt/m202606080101/pubads_impl.js:19:204342)
    at FE.next (https://securepubads.g.doubleclick.net/pagead/managed/js/gpt/m202606080101/pubads_impl.js:19:204636)
    at b (https://securepubads.g.doubleclick.net/pagead/managed/js/gpt/m202606080101/pubads_impl.js:19:204888)
[2026-06-12T08:52:14.197Z] [error] [OneID] [%s]:  ERROR Session not established
[2026-06-12T08:52:14.197Z] [error] [OneID] [%s]:  ERROR Session not established
[2026-06-12T08:52:15.471Z] [warning] [OneID] [%s]:  WARN `DisneyID` global object is soon to be deprecated. Use `OneID` instead.
[2026-06-12T08:52:18.450Z] [warning] The resource https://cdn.registerdisney.go.com/v4/asset/bundler/ESPN/v4/images/v2/espn-red-logo.svg was preloaded using link preload but not used within a few seconds from the window's load event. Please make sure it has an appropriate `as` value and it is preloaded intentionally.
[2026-06-12T08:52:18.735Z] [error] Failed to load resource: the server responded with a status of 404 ()
[2026-06-12T08:52:27.471Z] [warning] The provided component class (t)
                has already been declared as an observer component.
[2026-06-12T08:52:29.266Z] [log] 08:52:29.261 [Playback Service: Device Detection:] Library Detection and User Agent Detection Do Not Match
[2026-06-12T08:52:29.266Z] [log] 08:52:29.264 [Playback Service: Device Detection:] Library Detected: undefined, UA Detected: chrome
[2026-06-12T08:52:29.275Z] [debug] Device platform found: chrome
[2026-06-12T08:52:31.490Z] [log] DOM isReady:  6059
[2026-06-12T08:52:31.784Z] [info] [AccessEnabler.js][info] Version: 4.7.1-5a99613 RELEASE
[2026-06-12T08:52:31.831Z] [info] [AccessEnablerProxy.js][info] Version: 4.7.1-5a99613 RELEASE
[2026-06-12T08:52:32.913Z] [warning] [OneID] [%s]:  WARN `DisneyID` global object is soon to be deprecated. Use `OneID` instead.
[2026-06-12T08:52:33.196Z] [warning] [GPT] Slot.setCollapseEmptyDiv is deprecated, use Slot.setConfig({collapseDiv: ...}) instead.
https://goo.gle/gpt-message#171
[2026-06-12T08:52:33.208Z] [warning] [GPT] Invalid arguments: SizeMappingBuilder.addSize([0, 0], [[0, 0]]). All zero-area slot sizes were removed.
https://goo.gle/gpt-message#151
[2026-06-12T08:52:33.214Z] [warning] [GPT] PubAdsService.setTargeting is deprecated, use googletag.setConfig({targeting: ...}) instead.
https://goo.gle/gpt-message#170
[2026-06-12T08:52:33.244Z] [warning] [GPT] GPT must be loaded from the limited ads URL to configure limited ads functionality via the PrivacySettings API.
https://goo.gle/gpt-message#147
[2026-06-12T08:52:36.020Z] [warning] The resource https://cdn.registerdisney.go.com/v4/asset/bundler/ESPN/v4/images/v2/espn-red-logo.svg was preloaded using link preload but not used within a few seconds from the window's load event. Please make sure it has an appropriate `as` value and it is preloaded intentionally.
[2026-06-12T08:52:37.633Z] [warning] The resource https://a.espncdn.com/fonts/_BentonSans/BentonSansBlack.woff2 was preloaded using link preload but not used within a few seconds from the window's load event. Please make sure it has an appropriate `as` value and it is preloaded intentionally.
[2026-06-12T08:52:37.633Z] [warning] The resource https://a.espncdn.com/fonts/_BentonSansCond/BentonSansCondBold.woff2 was preloaded using link preload but not used within a few seconds from the window's load event. Please make sure it has an appropriate `as` value and it is preloaded intentionally.
[2026-06-12T08:52:37.633Z] [warning] The resource https://a.espncdn.com/fonts/_BentonSans/BentonSansRegular.woff2 was preloaded using link preload but not used within a few seconds from the window's load event. Please make sure it has an appropriate `as` value and it is preloaded intentionally.
[2026-06-12T08:52:38.283Z] [log] %c%s color: red; background: yellow; font-size: 24px; WARNING!
[2026-06-12T08:52:38.283Z] [log] %c%s font-size: 18px; Using this console may allow attackers to impersonate you and steal your information using an attack called Self-XSS.
Do not enter or paste code that you do not understand.
[2026-06-12T08:52:44.642Z] [warning] Error with Feature-Policy header: Unrecognized feature: 'document-domain'.
[2026-06-12T08:52:44.643Z] [warning] Error with Feature-Policy header: Some features are specified in both Feature-Policy and Permissions-Policy header: accelerometer, autoplay, camera, encrypted-media, fullscreen, geolocation, gyroscope, magnetometer, microphone, midi, payment, picture-in-picture, screen-wake-lock, sync-xhr, usb, xr-spatial-tracking. Values defined in Permissions-Policy header will be used.
[2026-06-12T08:52:44.643Z] [warning] Error with Permissions-Policy header: Unrecognized feature: 'document-domain'.
[2026-06-12T08:52:44.644Z] [error] The Content Security Policy directive 'upgrade-insecure-requests' is ignored when delivered in a report-only policy.
[2026-06-12T08:52:45.897Z] [warning] Error with Feature-Policy header: Unrecognized feature: 'document-domain'.
[2026-06-12T08:52:45.897Z] [warning] Error with Feature-Policy header: Some features are specified in both Feature-Policy and Permissions-Policy header: accelerometer, autoplay, camera, encrypted-media, fullscreen, geolocation, gyroscope, magnetometer, microphone, midi, payment, picture-in-picture, screen-wake-lock, sync-xhr, usb, xr-spatial-tracking. Values defined in Permissions-Policy header will be used.
[2026-06-12T08:52:45.897Z] [warning] Error with Permissions-Policy header: Unrecognized feature: 'document-domain'.
[2026-06-12T08:52:56.603Z] [error] Failed to load resource: the server responded with a status of 404 ()
[2026-06-12T08:53:03.576Z] [warning] [GPT] Slot.setTargeting is deprecated, use Slot.setConfig({targeting: ...}) instead.
https://goo.gle/gpt-message#171
[2026-06-12T08:53:03.577Z] [warning] [GPT] Invalid arguments: SizeMappingBuilder.addSize([0, 0], [[0, 0]]). All zero-area slot sizes were removed.
https://goo.gle/gpt-message#151
[2026-06-12T08:53:03.586Z] [warning] [GPT] PubAdsService.setTargeting is deprecated, use googletag.setConfig({targeting: ...}) instead.
https://goo.gle/gpt-message#170
[2026-06-12T08:53:03.592Z] [warning] [GPT] GPT must be loaded from the limited ads URL to configure limited ads functionality via the PrivacySettings API.
https://goo.gle/gpt-message#147
[2026-06-12T08:53:03.650Z] [error] TypeError: b.addEventListener is not a function
    at Caa (https://securepubads.g.doubleclick.net/pagead/managed/js/gpt/m202606080101/pubads_impl.js:19:329062)
    at Daa (https://securepubads.g.doubleclick.net/pagead/managed/js/gpt/m202606080101/pubads_impl.js:19:329206)
    at M.id [as f] (https://securepubads.g.doubleclick.net/pagead/managed/js/gpt/m202606080101/pubads_impl.js:19:546366)
    at yW.I (https://securepubads.g.doubleclick.net/pagead/managed/js/gpt/m202606080101/pubads_impl.js:19:336789)
    at BE.j (https://securepubads.g.doubleclick.net/pagead/managed/js/gpt/m202606080101/pubads_impl.js:19:335875)
    at DE (https://securepubads.g.doubleclick.net/pagead/managed/js/gpt/m202606080101/pubads_impl.js:19:204342)
    at FE.next (https://securepubads.g.doubleclick.net/pagead/managed/js/gpt/m202606080101/pubads_impl.js:19:204636)
    at b (https://securepubads.g.doubleclick.net/pagead/managed/js/gpt/m202606080101/pubads_impl.js:19:204888)
[2026-06-12T08:53:08.763Z] [error] Framing 'https://www.google.com/' violates the following report-only Content Security Policy directive: "frame-ancestors 'self'". The violation has been logged, but no further action has been taken.

[2026-06-12T08:53:08.764Z] [error] Framing 'https://www.google.com/' violates the following report-only Content Security Policy directive: "frame-ancestors 'self'". The violation has been logged, but no further action has been taken.

[2026-06-12T08:53:09.460Z] [error] [OneID] [%s]:  ERROR Session not established
[2026-06-12T08:53:09.460Z] [error] [OneID] [%s]:  ERROR Session not established
[2026-06-12T08:53:10.904Z] [warning] [OneID] [%s]:  WARN `DisneyID` global object is soon to be deprecated. Use `OneID` instead.
[2026-06-12T08:53:14.133Z] [warning] Allow attribute will take precedence over 'allowfullscreen'.
[2026-06-12T08:53:15.103Z] [warning] [GPT] Slot.setTargeting is deprecated, use Slot.setConfig({targeting: ...}) instead.
https://goo.gle/gpt-message#171
[2026-06-12T08:53:15.104Z] [warning] [GPT] Invalid arguments: SizeMappingBuilder.addSize([0, 0], [[0, 0]]). All zero-area slot sizes were removed.
https://goo.gle/gpt-message#151
[2026-06-12T08:53:15.109Z] [warning] [GPT] PubAdsService.setTargeting is deprecated, use googletag.setConfig({targeting: ...}) instead.
https://goo.gle/gpt-message#170
[2026-06-12T08:53:15.114Z] [warning] [GPT] GPT must be loaded from the limited ads URL to configure limited ads functionality via the PrivacySettings API.
https://goo.gle/gpt-message#147
[2026-06-12T08:53:15.216Z] [error] TypeError: b.addEventListener is not a function
    at Caa (https://securepubads.g.doubleclick.net/pagead/managed/js/gpt/m202606080101/pubads_impl.js:19:329062)
    at Daa (https://securepubads.g.doubleclick.net/pagead/managed/js/gpt/m202606080101/pubads_impl.js:19:329206)
    at M.id [as f] (https://securepubads.g.doubleclick.net/pagead/managed/js/gpt/m202606080101/pubads_impl.js:19:546366)
    at yW.I (https://securepubads.g.doubleclick.net/pagead/managed/js/gpt/m202606080101/pubads_impl.js:19:336789)
    at BE.j (https://securepubads.g.doubleclick.net/pagead/managed/js/gpt/m202606080101/pubads_impl.js:19:335875)
    at DE (https://securepubads.g.doubleclick.net/pagead/managed/js/gpt/m202606080101/pubads_impl.js:19:204342)
    at FE.next (https://securepubads.g.doubleclick.net/pagead/managed/js/gpt/m202606080101/pubads_impl.js:19:204636)
    at b (https://securepubads.g.doubleclick.net/pagead/managed/js/gpt/m202606080101/pubads_impl.js:19:204888)
[2026-06-12T08:53:18.051Z] [log] DOM isReady:  3906
[2026-06-12T08:53:18.643Z] [log] 08:53:18.624 [Playback Service: Device Detection:] Library Detection and User Agent Detection Do Not Match
[2026-06-12T08:53:18.643Z] [log] 08:53:18.628 [Playback Service: Device Detection:] Library Detected: undefined, UA Detected: chrome
[2026-06-12T08:53:18.644Z] [debug] Device platform found: chrome
[2026-06-12T08:53:19.164Z] [warning] [OneID] [%s]:  WARN `DisneyID` global object is soon to be deprecated. Use `OneID` instead.
[2026-06-12T08:53:19.471Z] [warning] Timecode State Registration will be deprecated as of our next major, please use timeline as a direct replacement
[2026-06-12T08:53:20.696Z] [error] Failed to load resource: the server responded with a status of 404 ()
[2026-06-12T08:53:21.225Z] [error] Failed to load resource: the server responded with a status of 404 ()
[2026-06-12T08:53:21.244Z] [error] Failed to load resource: the server responded with a status of 404 ()
[2026-06-12T08:53:21.729Z] [warning] [GPT] Slot.setTargeting is deprecated, use Slot.setConfig({targeting: ...}) instead.
https://goo.gle/gpt-message#171
[2026-06-12T08:53:21.729Z] [warning] [GPT] Invalid arguments: SizeMappingBuilder.addSize([0, 0], [[0, 0]]). All zero-area slot sizes were removed.
https://goo.gle/gpt-message#151
[2026-06-12T08:53:21.729Z] [warning] [GPT] PubAdsService.setTargeting is deprecated, use googletag.setConfig({targeting: ...}) instead.
https://goo.gle/gpt-message#170
[2026-06-12T08:53:21.729Z] [warning] [GPT] GPT must be loaded from the limited ads URL to configure limited ads functionality via the PrivacySettings API.
https://goo.gle/gpt-message#147
[2026-06-12T08:53:21.892Z] [error] Failed to load resource: the server responded with a status of 404 ()
[2026-06-12T08:53:21.893Z] [error] Failed to load resource: the server responded with a status of 404 ()
[2026-06-12T08:53:26.986Z] [error] [OneID] [%s]:  ERROR Session not established
[2026-06-12T08:53:26.986Z] [error] [OneID] [%s]:  ERROR Session not established
[2026-06-12T08:53:27.565Z] [warning] [OneID] [%s]:  WARN `DisneyID` global object is soon to be deprecated. Use `OneID` instead.
[2026-06-12T08:53:30.484Z] [error] Failed to load resource: the server responded with a status of 404 ()
[2026-06-12T08:53:30.601Z] [error] Failed to load resource: the server responded with a status of 404 ()
[2026-06-12T08:53:30.604Z] [error] Failed to load resource: the server responded with a status of 404 ()
[2026-06-12T08:53:31.673Z] [error] Failed to load resource: the server responded with a status of 404 ()
[2026-06-12T08:53:31.682Z] [error] Failed to load resource: the server responded with a status of 404 ()
[2026-06-12T08:53:31.797Z] [warning] [GPT] Slot.setTargeting is deprecated, use Slot.setConfig({targeting: ...}) instead.
https://goo.gle/gpt-message#171
[2026-06-12T08:53:31.797Z] [warning] [GPT] Invalid arguments: SizeMappingBuilder.addSize([0, 0], [[0, 0]]). All zero-area slot sizes were removed.
https://goo.gle/gpt-message#151
[2026-06-12T08:53:31.801Z] [warning] [GPT] PubAdsService.setTargeting is deprecated, use googletag.setConfig({targeting: ...}) instead.
https://goo.gle/gpt-message#170
[2026-06-12T08:53:31.809Z] [warning] [GPT] GPT must be loaded from the limited ads URL to configure limited ads functionality via the PrivacySettings API.
https://goo.gle/gpt-message#147
[2026-06-12T08:53:31.904Z] [error] TypeError: b.addEventListener is not a function
    at Caa (https://securepubads.g.doubleclick.net/pagead/managed/js/gpt/m202606080101/pubads_impl.js:19:329062)
    at Daa (https://securepubads.g.doubleclick.net/pagead/managed/js/gpt/m202606080101/pubads_impl.js:19:329206)
    at M.id [as f] (https://securepubads.g.doubleclick.net/pagead/managed/js/gpt/m202606080101/pubads_impl.js:19:546366)
    at yW.I (https://securepubads.g.doubleclick.net/pagead/managed/js/gpt/m202606080101/pubads_impl.js:19:336789)
    at BE.j (https://securepubads.g.doubleclick.net/pagead/managed/js/gpt/m202606080101/pubads_impl.js:19:335875)
    at DE (https://securepubads.g.doubleclick.net/pagead/managed/js/gpt/m202606080101/pubads_impl.js:19:204342)
    at FE.next (https://securepubads.g.doubleclick.net/pagead/managed/js/gpt/m202606080101/pubads_impl.js:19:204636)
    at b (https://securepubads.g.doubleclick.net/pagead/managed/js/gpt/m202606080101/pubads_impl.js:19:204888)
[2026-06-12T08:53:35.937Z] [error] [OneID] [%s]:  ERROR Session not established
[2026-06-12T08:53:35.937Z] [error] [OneID] [%s]:  ERROR Session not established
[2026-06-12T08:53:36.507Z] [warning] [OneID] [%s]:  WARN `DisneyID` global object is soon to be deprecated. Use `OneID` instead.
[2026-06-12T08:53:37.105Z] [error] Failed to load resource: the server responded with a status of 404 ()
[2026-06-12T08:53:49.021Z] [error] Failed to load resource: the server responded with a status of 503 ()
[2026-06-12T08:53:56.922Z] [warning] Error with Feature-Policy header: Unrecognized feature: 'document-domain'.
[2026-06-12T08:53:56.923Z] [warning] Error with Feature-Policy header: Some features are specified in both Feature-Policy and Permissions-Policy header: accelerometer, autoplay, camera, encrypted-media, fullscreen, geolocation, gyroscope, magnetometer, microphone, midi, payment, picture-in-picture, screen-wake-lock, sync-xhr, usb, xr-spatial-tracking. Values defined in Permissions-Policy header will be used.
[2026-06-12T08:53:56.923Z] [warning] Error with Permissions-Policy header: Unrecognized feature: 'document-domain'.
[2026-06-12T08:54:06.892Z] [warning] Error with Feature-Policy header: Unrecognized feature: 'document-domain'.
[2026-06-12T08:54:06.892Z] [warning] Error with Feature-Policy header: Some features are specified in both Feature-Policy and Permissions-Policy header: accelerometer, autoplay, camera, encrypted-media, fullscreen, geolocation, gyroscope, magnetometer, microphone, midi, payment, picture-in-picture, screen-wake-lock, sync-xhr, usb, xr-spatial-tracking. Values defined in Permissions-Policy header will be used.
[2026-06-12T08:54:06.892Z] [warning] Error with Permissions-Policy header: Unrecognized feature: 'document-domain'.
[2026-06-12T08:54:14.397Z] [warning] Error with Feature-Policy header: Unrecognized feature: 'document-domain'.
[2026-06-12T08:54:14.398Z] [warning] Error with Feature-Policy header: Some features are specified in both Feature-Policy and Permissions-Policy header: accelerometer, autoplay, camera, encrypted-media, fullscreen, geolocation, gyroscope, magnetometer, microphone, midi, payment, picture-in-picture, screen-wake-lock, sync-xhr, usb, xr-spatial-tracking. Values defined in Permissions-Policy header will be used.
[2026-06-12T08:54:14.398Z] [warning] Error with Permissions-Policy header: Unrecognized feature: 'document-domain'.
[2026-06-12T08:54:31.531Z] [warning] Error with Feature-Policy header: Unrecognized feature: 'document-domain'.
[2026-06-12T08:54:31.532Z] [warning] Error with Feature-Policy header: Some features are specified in both Feature-Policy and Permissions-Policy header: accelerometer, autoplay, camera, encrypted-media, fullscreen, geolocation, gyroscope, magnetometer, microphone, midi, payment, picture-in-picture, screen-wake-lock, sync-xhr, usb, xr-spatial-tracking. Values defined in Permissions-Policy header will be used.
[2026-06-12T08:54:31.532Z] [warning] Error with Permissions-Policy header: Unrecognized feature: 'document-domain'.
[2026-06-12T08:54:38.233Z] [warning] Error with Feature-Policy header: Unrecognized feature: 'document-domain'.
[2026-06-12T08:54:38.233Z] [warning] Error with Feature-Policy header: Some features are specified in both Feature-Policy and Permissions-Policy header: accelerometer, autoplay, camera, encrypted-media, fullscreen, geolocation, gyroscope, magnetometer, microphone, midi, payment, picture-in-picture, screen-wake-lock, sync-xhr, usb, xr-spatial-tracking. Values defined in Permissions-Policy header will be used.
[2026-06-12T08:54:38.233Z] [warning] Error with Permissions-Policy header: Unrecognized feature: 'document-domain'.
[2026-06-12T08:54:51.730Z] [warning] Allow attribute will take precedence over 'allowfullscreen'.
[2026-06-12T08:54:53.763Z] [warning] [GPT] Slot.setTargeting is deprecated, use Slot.setConfig({targeting: ...}) instead.
https://goo.gle/gpt-message#171
[2026-06-12T08:54:53.764Z] [warning] [GPT] Invalid arguments: SizeMappingBuilder.addSize([0, 0], [[0, 0]]). All zero-area slot sizes were removed.
https://goo.gle/gpt-message#151
[2026-06-12T08:54:53.774Z] [warning] [GPT] PubAdsService.setTargeting is deprecated, use googletag.setConfig({targeting: ...}) instead.
https://goo.gle/gpt-message#170
[2026-06-12T08:54:53.791Z] [warning] [GPT] GPT must be loaded from the limited ads URL to configure limited ads functionality via the PrivacySettings API.
https://goo.gle/gpt-message#147
[2026-06-12T08:54:53.889Z] [error] TypeError: b.addEventListener is not a function
    at Caa (https://securepubads.g.doubleclick.net/pagead/managed/js/gpt/m202606080101/pubads_impl.js:19:329062)
    at Daa (https://securepubads.g.doubleclick.net/pagead/managed/js/gpt/m202606080101/pubads_impl.js:19:329206)
    at M.id [as f] (https://securepubads.g.doubleclick.net/pagead/managed/js/gpt/m202606080101/pubads_impl.js:19:546366)
    at yW.I (https://securepubads.g.doubleclick.net/pagead/managed/js/gpt/m202606080101/pubads_impl.js:19:336789)
    at BE.j (https://securepubads.g.doubleclick.net/pagead/managed/js/gpt/m202606080101/pubads_impl.js:19:335875)
    at DE (https://securepubads.g.doubleclick.net/pagead/managed/js/gpt/m202606080101/pubads_impl.js:19:204342)
    at FE.next (https://securepubads.g.doubleclick.net/pagead/managed/js/gpt/m202606080101/pubads_impl.js:19:204636)
    at b (https://securepubads.g.doubleclick.net/pagead/managed/js/gpt/m202606080101/pubads_impl.js:19:204888)
[2026-06-12T08:54:54.420Z] [log] DOM isReady:  2682
[2026-06-12T08:54:55.883Z] [log] 08:54:55.879 [Playback Service: Device Detection:] Library Detection and User Agent Detection Do Not Match
[2026-06-12T08:54:55.883Z] [log] 08:54:55.882 [Playback Service: Device Detection:] Library Detected: undefined, UA Detected: chrome
[2026-06-12T08:54:55.891Z] [debug] Device platform found: chrome
[2026-06-12T08:54:56.878Z] [warning] [OneID] [%s]:  WARN `DisneyID` global object is soon to be deprecated. Use `OneID` instead.
[2026-06-12T08:54:57.118Z] [warning] Timecode State Registration will be deprecated as of our next major, please use timeline as a direct replacement
[2026-06-12T08:54:57.731Z] [warning] The resource https://a.espncdn.com/fonts/_BentonSans/BentonSansBlack.woff2 was preloaded using link preload but not used within a few seconds from the window's load event. Please make sure it has an appropriate `as` value and it is preloaded intentionally.
[2026-06-12T08:54:57.731Z] [warning] The resource https://a.espncdn.com/fonts/_BentonSansCond/BentonSansCondBold.woff2 was preloaded using link preload but not used within a few seconds from the window's load event. Please make sure it has an appropriate `as` value and it is preloaded intentionally.
[2026-06-12T08:54:57.731Z] [warning] The resource https://a.espncdn.com/fonts/_BentonSans/BentonSansRegular.woff2 was preloaded using link preload but not used within a few seconds from the window's load event. Please make sure it has an appropriate `as` value and it is preloaded intentionally.
[2026-06-12T08:54:59.962Z] [warning] Error with Feature-Policy header: Unrecognized feature: 'document-domain'.
[2026-06-12T08:54:59.962Z] [warning] Error with Feature-Policy header: Some features are specified in both Feature-Policy and Permissions-Policy header: accelerometer, autoplay, camera, encrypted-media, fullscreen, geolocation, gyroscope, magnetometer, microphone, midi, payment, picture-in-picture, screen-wake-lock, sync-xhr, usb, xr-spatial-tracking. Values defined in Permissions-Policy header will be used.
[2026-06-12T08:54:59.962Z] [warning] Error with Permissions-Policy header: Unrecognized feature: 'document-domain'.
[2026-06-12T08:55:11.522Z] [warning] Error with Feature-Policy header: Unrecognized feature: 'document-domain'.
[2026-06-12T08:55:11.524Z] [warning] Error with Feature-Policy header: Some features are specified in both Feature-Policy and Permissions-Policy header: accelerometer, autoplay, camera, encrypted-media, fullscreen, geolocation, gyroscope, magnetometer, microphone, midi, payment, picture-in-picture, screen-wake-lock, sync-xhr, usb, xr-spatial-tracking. Values defined in Permissions-Policy header will be used.
[2026-06-12T08:55:11.524Z] [warning] Error with Permissions-Policy header: Unrecognized feature: 'document-domain'.
[2026-06-12T08:55:19.823Z] [warning] [GPT] Slot.setTargeting is deprecated, use Slot.setConfig({targeting: ...}) instead.
https://goo.gle/gpt-message#171
[2026-06-12T08:55:19.825Z] [warning] [GPT] Invalid arguments: SizeMappingBuilder.addSize([0, 0], [[0, 0]]). All zero-area slot sizes were removed.
https://goo.gle/gpt-message#151
[2026-06-12T08:55:19.830Z] [warning] [GPT] PubAdsService.setTargeting is deprecated, use googletag.setConfig({targeting: ...}) instead.
https://goo.gle/gpt-message#170
[2026-06-12T08:55:19.840Z] [warning] [GPT] GPT must be loaded from the limited ads URL to configure limited ads functionality via the PrivacySettings API.
https://goo.gle/gpt-message#147
[2026-06-12T08:55:19.909Z] [error] TypeError: b.addEventListener is not a function
    at Caa (https://securepubads.g.doubleclick.net/pagead/managed/js/gpt/m202606080101/pubads_impl.js:19:329062)
    at Daa (https://securepubads.g.doubleclick.net/pagead/managed/js/gpt/m202606080101/pubads_impl.js:19:329206)
    at M.id [as f] (https://securepubads.g.doubleclick.net/pagead/managed/js/gpt/m202606080101/pubads_impl.js:19:546366)
    at yW.I (https://securepubads.g.doubleclick.net/pagead/managed/js/gpt/m202606080101/pubads_impl.js:19:336789)
    at BE.j (https://securepubads.g.doubleclick.net/pagead/managed/js/gpt/m202606080101/pubads_impl.js:19:335875)
    at DE (https://securepubads.g.doubleclick.net/pagead/managed/js/gpt/m202606080101/pubads_impl.js:19:204342)
    at FE.next (https://securepubads.g.doubleclick.net/pagead/managed/js/gpt/m202606080101/pubads_impl.js:19:204636)
    at b (https://securepubads.g.doubleclick.net/pagead/managed/js/gpt/m202606080101/pubads_impl.js:19:204888)
[2026-06-12T08:55:24.966Z] [error] [OneID] [%s]:  ERROR Session not established
[2026-06-12T08:55:24.967Z] [error] [OneID] [%s]:  ERROR Session not established
[2026-06-12T08:55:26.311Z] [warning] [OneID] [%s]:  WARN `DisneyID` global object is soon to be deprecated. Use `OneID` instead.
